DEBUG   2018-07-13T16:21:57.388Z - GIVEN              | >> Apply Given 
INFO    2018-07-13T16:21:57.396Z - COMMAND            | npmInstallLatestVersion(testing-projects/empty-app) 
INFO    2018-07-13T16:21:57.394Z - GIVEN              | >>> Given testing application: testing-projects/empty-app 
SILLY   2018-07-13T16:21:57.395Z - GIVEN              | GivenTestingApp:execute -> npmInstallLatestVersion(testing-projects/empty-app) 
SILLY   2018-07-13T16:21:57.832Z - COMMAND            | npmInstallLatestVersion() -> [npm install @zetapush/cli@canary --save] 
SILLY   2018-07-13T16:22:02.028Z - PROCESS STDOUT/STD | 

> get-cursor-position@1.0.5 install /mnt/data/developpement/zetapush-celtia/zetapush-js-sdk/packages/integration/testing-projects/empty-app/node_modules/get-cursor-position
> node-gyp rebuild

make : on entre dans le répertoire « /mnt/data/developpement/zetapush-celtia/zetapush-js-sdk/packages/integration/testing-projects/empty-app/node_modules/get-cursor-position/build »
  CXX(target) Release/obj.target/pos/src/pos.o
  SOLINK_MODULE(target) Release/obj.target/pos.node
  COPY Release/pos.node
make : on quitte le répertoire « /mnt/data/developpement/zetapush-celtia/zetapush-js-sdk/packages/integration/testing-projects/empty-app/node_modules/get-cursor-position/build »

> bufferutil@3.0.5 install /mnt/data/developpement/zetapush-celtia/zetapush-js-sdk/packages/integration/testing-projects/empty-app/node_modules/bufferutil
> prebuild-install || node-gyp rebuild


> utf-8-validate@4.0.2 install /mnt/data/developpement/zetapush-celtia/zetapush-js-sdk/packages/integration/testing-projects/empty-app/node_modules/utf-8-validate
> prebuild-install || node-gyp rebuild

+ @zetapush/cli@0.30.0-alpha.743bc6df
added 208 packages in 3.873s 
SILLY   2018-07-13T16:22:02.028Z - COMMAND            | npmInstallLatestVersion() -> [npm install @zetapush/cli@canary --save] ->  
SILLY   2018-07-13T16:22:02.029Z - COMMAND            | npmInstallLatestVersion() -> [npm install @zetapush/platform@canary --save] 
SILLY   2018-07-13T16:22:03.772Z - COMMAND            | npmInstallLatestVersion() -> [npm install @zetapush/platform@canary --save] ->  
SILLY   2018-07-13T16:22:03.775Z - COMMAND            | symlinkLocalDependencies(testing-projects/empty-app) 
WARN    2018-07-13T16:22:02.029Z - PROCESS STDOUT/STD | 
../src/pos.cc: In function ‘void Method(const v8::FunctionCallbackInfo<v8::Value>&)’:
../src/pos.cc:243:6: warning: variable ‘ret’ set but not used [-Wunused-but-set-variable]
  int ret, row, col;
      ^ 
SILLY   2018-07-13T16:22:03.772Z - PROCESS STDOUT/STD | 
+ @zetapush/platform@0.30.0-alpha.743bc6df
added 1 package and updated 1 package in 1.395s 
WARN    2018-07-13T16:22:03.774Z - PROCESS STDOUT/STD | 
 
SILLY   2018-07-13T16:22:04.060Z - GIVEN              | GivenTestingApp:execute -> setAccountToZetarc(testing-projects/empty-app, {"developerLogin":"accountnotvalidated@zetapush.com","developerPassword":"password"}) 
DEBUG   2018-07-13T16:22:04.062Z - COMMAND            | readZetarc(testing-projects/empty-app) 
DEBUG   2018-07-13T16:22:04.064Z - COMMAND            | readZetarc(testing-projects/empty-app) ->  {"content":"{\"platformUrl\":\"https://celtia.zetapush.com/zbo/pub/business\",\"developerLogin\":\"accountnotvalidated@zetapush.com\",\"developerPassword\":\"password\"}"}
ERROR   2018-07-13T16:22:04.064Z - GIVEN              | >> Apply Given FAILED {"errno":-2,"code":"ENOENT","syscall":"open","path":"cli"}
INFO    2018-07-13T16:22:04.067Z - USER ACTION        | >>> User action: zeta push from console 
ERROR   2018-07-13T16:22:07.483Z - PROCESS STDOUT/STD | 

> empty-project@0.0.1 deploy /mnt/data/developpement/zetapush-celtia/zetapush-js-sdk/packages/integration/testing-projects/empty-app
> zeta push "-vvv"

[LOG] Load and merge configuration with this priority order:
      1) command line arguments
      2) environment variables
      3) from file defined in ./.zetarc  ‌
[TRACE] Try to load conf from cli provess.argv  ‌
[TRACE] Try to load conf from process.env  ‌
[TRACE] Try to load conf from filesystem [ '.' ] ‌
[TRACE] Configuration loaded from file [ '.',
  { config: 
     { platformUrl: 'https://celtia.zetapush.com/zbo/pub/business',
       developerLogin: 'accountnotvalidated@zetapush.com',
       developerPassword: 'password' },
    filepath: '/mnt/data/developpement/zetapush-celtia/zetapush-js-sdk/packages/integration/testing-projects/empty-app/.zetarc' } ] ‌
[TRACE] Using default values  ‌
[TRACE] merged config [ { platformUrl: 'https://celtia.zetapush.com/zbo/pub/business',
    appName: undefined,
    developerLogin: 'accountnotvalidated@zetapush.com',
    developerPassword: 'password',
    workerServiceId: undefined } ] ‌
[TRACE] config is valid [ { platformUrl: 'https://celtia.zetapush.com/zbo/pub/business',
    appName: undefined,
    developerLogin: 'accountnotvalidated@zetapush.com',
    developerPassword: 'password',
    workerServiceId: undefined } ] ‌
[LOG] GET [ 'https://celtia.zetapush.com:/zbo/auth/whoami', undefined ] ‌
[LOG] GET [ 'https://celtia.zetapush.com:/zbo/orga/cluster/list',
  undefined ] ‌
[LOG] GET [ 'https://celtia.zetapush.com:/zbo/orga/cluster/list',
  IncomingMessage {
    _readableState: 
     ReadableState {
       objectMode: false,
       highWaterMark: 16384,
       buffer: [Object],
       length: 0,
       pipes: null,
       pipesCount: 0,
       flowing: true,
       ended: true,
       endEmitted: true,
       reading: false,
       sync: false,
       needReadable: false,
       emittedReadable: false,
       readableListening: false,
       resumeScheduled: false,
       destroyed: false,
       defaultEncoding: 'utf8',
       awaitDrain: 0,
       readingMore: false,
       decoder: null,
       encoding: null },
    readable: false,
    domain: null,
    _events: 
     { end: [Array],
       close: [Array],
       data: [Function],
       error: [Function] },
    _eventsCount: 4,
    _maxListeners: undefined,
    socket: 
     TLSSocket {
       _tlsOptions: [Object],
       _secureEstablished: true,
       _securePending: false,
       _newSessionPending: false,
       _controlReleased: true,
       _SNICallback: null,
       servername: 'celtia.zetapush.com',
       npnProtocol: undefined,
       alpnProtocol: false,
       authorized: true,
       authorizationError: null,
       encrypted: true,
       _events: [Object],
       _eventsCount: 10,
       connecting: false,
       _hadError: false,
       _handle: null,
       _parent: [Object],
       _host: null,
       _readableState: [Object],
       readable: false,
       domain: null,
       _maxListeners: undefined,
       _writableState: [Object],
       writable: false,
       allowHalfOpen: false,
       _bytesDispatched: 219,
       _sockname: null,
       _pendingData: null,
       _pendingEncoding: '',
       server: undefined,
       _server: null,
       ssl: null,
       _requestCert: true,
       _rejectUnauthorized: true,
       parser: null,
       _httpMessage: [Object],
       write: [Function: writeAfterFIN],
       _idleNext: null,
       _idlePrev: null,
       _idleTimeout: -1,
       [Symbol(asyncId)]: 159,
       [Symbol(bytesRead)]: 358 },
    connection: 
     TLSSocket {
       _tlsOptions: [Object],
       _secureEstablished: true,
       _securePending: false,
       _newSessionPending: false,
       _controlReleased: true,
       _SNICallback: null,
       servername: 'celtia.zetapush.com',
       npnProtocol: undefined,
       alpnProtocol: false,
       authorized: true,
       authorizationError: null,
       encrypted: true,
       _events: [Object],
       _eventsCount: 10,
       connecting: false,
       _hadError: false,
       _handle: null,
       _parent: [Object],
       _host: null,
       _readableState: [Object],
       readable: false,
       domain: null,
       _maxListeners: undefined,
       _writableState: [Object],
       writable: false,
       allowHalfOpen: false,
       _bytesDispatched: 219,
       _sockname: null,
       _pendingData: null,
       _pendingEncoding: '',
       server: undefined,
       _server: null,
       ssl: null,
       _requestCert: true,
       _rejectUnauthorized: true,
       parser: null,
       _httpMessage: [Object],
       write: [Function: writeAfterFIN],
       _idleNext: null,
       _idlePrev: null,
       _idleTimeout: -1,
       [Symbol(asyncId)]: 159,
       [Symbol(bytesRead)]: 358 },
    httpVersionMajor: 1,
    httpVersionMinor: 1,
    httpVersion: '1.1',
    complete: true,
    headers: 
     { 'x-content-type-options': 'nosniff',
       'x-xss-protection': '1; mode=block',
       'cache-control': 'no-cache, no-store, max-age=0, must-revalidate',
       pragma: 'no-cache',
       expires: '0',
       'x-frame-options': 'DENY',
       connection: 'close',
       server: 'Jetty(9.2.8.v20150217)' },
    rawHeaders: 
     [ 'X-Content-Type-Options',
       'nosniff',
       'X-XSS-Protection',
       '1; mode=block',
       'Cache-Control',
       'no-cache, no-store, max-age=0, must-revalidate',
       'Pragma',
       'no-cache',
       'Expires',
       '0',
       'X-Frame-Options',
       'DENY',
       'Connection',
       'close',
       'Server',
       'Jetty(9.2.8.v20150217)' ],
    trailers: {},
    rawTrailers: [],
    upgrade: false,
    url: '',
    method: null,
    statusCode: 403,
    statusMessage: 'Forbidden',
    client: 
     TLSSocket {
       _tlsOptions: [Object],
       _secureEstablished: true,
       _securePending: false,
       _newSessionPending: false,
       _controlReleased: true,
       _SNICallback: null,
       servername: 'celtia.zetapush.com',
       npnProtocol: undefined,
       alpnProtocol: false,
       authorized: true,
       authorizationError: null,
       encrypted: true,
       _events: [Object],
       _eventsCount: 10,
       connecting: false,
       _hadError: false,
       _handle: null,
       _parent: [Object],
       _host: null,
       _readableState: [Object],
       readable: false,
       domain: null,
       _maxListeners: undefined,
       _writableState: [Object],
       writable: false,
       allowHalfOpen: false,
       _bytesDispatched: 219,
       _sockname: null,
       _pendingData: null,
       _pendingEncoding: '',
       server: undefined,
       _server: null,
       ssl: null,
       _requestCert: true,
       _rejectUnauthorized: true,
       parser: null,
       _httpMessage: [Object],
       write: [Function: writeAfterFIN],
       _idleNext: null,
       _idlePrev: null,
       _idleTimeout: -1,
       [Symbol(asyncId)]: 159,
       [Symbol(bytesRead)]: 358 },
    _consuming: true,
    _dumped: false,
    req: 
     ClientRequest {
       domain: null,
       _events: [Object],
       _eventsCount: 5,
       _maxListeners: undefined,
       output: [],
       outputEncodings: [],
       outputCallbacks: [],
       outputSize: 0,
       writable: true,
       _last: true,
       upgrading: false,
       chunkedEncoding: false,
       shouldKeepAlive: false,
       useChunkedEncodingByDefault: false,
       sendDate: false,
       _removedConnection: false,
       _removedContLen: false,
       _removedTE: false,
       _contentLength: 0,
       _hasBody: true,
       _trailer: '',
       finished: true,
       _headerSent: true,
       socket: [Object],
       connection: [Object],
       _header: 'GET /zbo/orga/cluster/list HTTP/1.1\r\nContent-Type: application/json;charset=UTF-8\r\nX-Authorization: {"username":"accountnotvalidated@zetapush.com","password":"password"}\r\nhost: celtia.zetapush.com\r\nConnection: close\r\n\r\n',
       _onPendingData: [Function: noopPendingOutput],
       agent: [Object],
       socketPath: undefined,
       timeout: undefined,
       method: 'GET',
       path: '/zbo/orga/cluster/list',
       _ended: true,
       res: [Circular],
       aborted: undefined,
       timeoutCb: null,
       upgradeOrConnect: false,
       parser: null,
       maxHeadersCount: null,
       [Symbol(outHeadersKey)]: [Object] },
    request: 
     Request {
       domain: null,
       _events: [Object],
       _eventsCount: 5,
       _maxListeners: undefined,
       headers: [Object],
       method: 'GET',
       callback: [Function],
       readable: true,
       writable: true,
       explicitMethod: true,
       _qs: [Object],
       _auth: [Object],
       _oauth: [Object],
       _multipart: [Object],
       _redirect: [Object],
       _tunnel: [Object],
       setHeader: [Function],
       hasHeader: [Function],
       getHeader: [Function],
       removeHeader: [Function],
       localAddress: undefined,
       pool: {},
       dests: [],
       __isRequestRequest: true,
       _callback: [Function],
       uri: [Object],
       proxy: [Object],
       tunnel: true,
       agent: [Object],
       setHost: true,
       originalCookieHeader: undefined,
       _disableCookies: true,
       _jar: undefined,
       port: 443,
       host: 'celtia.zetapush.com',
       path: '/zbo/orga/cluster/list',
       httpModule: [Object],
       _started: true,
       href: 'https://celtia.zetapush.com/zbo/orga/cluster/list',
       req: [Object],
       ntick: true,
       response: [Circular],
       originalHost: 'celtia.zetapush.com',
       originalHostHeaderName: 'host',
       responseContent: [Circular],
       _destdata: true,
       _ended: true,
       _callbackCalled: true },
    toJSON: [Function: responseToJSON],
    caseless: Caseless { dict: [Object] },
    read: [Function],
    body: '{"code":"ACCESS_FORBIDDEN","message":"Access is forbidden","context":{"reason":"ACCOUNT_DISABLED"}}' } ] ‌
[TRACE] not config issue  ‌
[TRACE] not a network error  ‌
[TRACE] access denied [ { response: 
     IncomingMessage {
       _readableState: [Object],
       readable: false,
       domain: null,
       _events: [Object],
       _eventsCount: 4,
       _maxListeners: undefined,
       socket: [Object],
       connection: [Object],
       httpVersionMajor: 1,
       httpVersionMinor: 1,
       httpVersion: '1.1',
       complete: true,
       headers: [Object],
       rawHeaders: [Array],
       trailers: {},
       rawTrailers: [],
       upgrade: false,
       url: '',
       method: null,
       statusCode: 403,
       statusMessage: 'Forbidden',
       client: [Object],
       _consuming: true,
       _dumped: false,
       req: [Object],
       request: [Object],
       toJSON: [Function: responseToJSON],
       caseless: [Object],
       read: [Function],
       body: '{"code":"ACCESS_FORBIDDEN","message":"Access is forbidden","context":{"reason":"ACCOUNT_DISABLED"}}' },
    statusCode: 403,
    body: '{"code":"ACCESS_FORBIDDEN","message":"Access is forbidden","context":{"reason":"ACCOUNT_DISABLED"}}',
    request: 
     { body: undefined,
       headers: [Object],
       method: 'GET',
       url: 'https://celtia.zetapush.com:/zbo/orga/cluster/list' },
    config: 
     { platformUrl: 'https://celtia.zetapush.com/zbo/pub/business',
       appName: undefined,
       developerLogin: 'accountnotvalidated@zetapush.com',
       developerPassword: 'password',
       workerServiceId: undefined } } ] ‌
[TRACE] account not validated  ‌
[TRACE] Analyze done => errorCode=ACCOUNT-05. Displaying help for this code  ‌
[TRACE] Display help message for ACCOUNT-05  ‌
[TRACE] Cache expired=false  ‌
[TRACE] Use cached troubleshoot for ACCOUNT-05  ‌
(?) 
You have created a ZetaPush account but the account is not confirmed.

When you created your account, we sent you an email with a confirmation link.
You must click the confirmation link in order to validate your account and be able to use ZetaPush services.
This confirmation link is valid for 7 days.
  ‌
 
INFO    2018-07-13T16:22:04.069Z - COMMAND            | zetaPush(testing-projects/empty-app) -> [npm run deploy -- -vvv] 
ERROR   2018-07-13T16:22:07.485Z - COMMAND            | zetaPush(testing-projects/empty-app) -> [npm run deploy -- -vvv] {"exitCode":55}
INFO    2018-07-13T16:22:07.486Z - USER ACTION        | >>> User action DONE: zeta push from console 
ERROR   2018-07-13T16:22:07.485Z - PROCESS STDOUT/STD | 
[ERROR] Push failed [ { response: 
     IncomingMessage {
       _readableState: [Object],
       readable: false,
       domain: null,
       _events: [Object],
       _eventsCount: 4,
       _maxListeners: undefined,
       socket: [Object],
       connection: [Object],
       httpVersionMajor: 1,
       httpVersionMinor: 1,
       httpVersion: '1.1',
       complete: true,
       headers: [Object],
       rawHeaders: [Array],
       trailers: {},
       rawTrailers: [],
       upgrade: false,
       url: '',
       method: null,
       statusCode: 403,
       statusMessage: 'Forbidden',
       client: [Object],
       _consuming: true,
       _dumped: false,
       req: [Object],
       request: [Object],
       toJSON: [Function: responseToJSON],
       caseless: [Object],
       read: [Function],
       body: '{"code":"ACCESS_FORBIDDEN","message":"Access is forbidden","context":{"reason":"ACCOUNT_DISABLED"}}' },
    statusCode: 403,
    body: '{"code":"ACCESS_FORBIDDEN","message":"Access is forbidden","context":{"reason":"ACCOUNT_DISABLED"}}',
    request: 
     { body: undefined,
       headers: [Object],
       method: 'GET',
       url: 'https://celtia.zetapush.com:/zbo/orga/cluster/list' },
    config: 
     { platformUrl: 'https://celtia.zetapush.com/zbo/pub/business',
       appName: undefined,
       developerLogin: 'accountnotvalidated@zetapush.com',
       developerPassword: 'password',
       workerServiceId: undefined } } ] ‌
npm ERR! code ELIFECYCLE
npm ERR! errno 55
npm ERR! empty-project@0.0.1 deploy: `zeta push "-vvv"`
npm ERR! Exit status 55
npm ERR! 
npm ERR! Failed at the empty-project@0.0.1 deploy script.
npm ERR! This is probably not a problem with npm. There is likely additional logging output above.

npm ERR! A complete log of this run can be found in:
npm ERR!     /home/aurelien/.npm/_logs/2018-07-13T16_22_07_479Z-debug.log
 
DEBUG   2018-07-13T16:22:07.518Z - GIVEN              | >> Apply Given 
INFO    2018-07-13T16:22:07.520Z - COMMAND            | npmInstallLatestVersion(testing-projects/empty-app) 
INFO    2018-07-13T16:22:07.519Z - GIVEN              | >>> Given testing application: testing-projects/empty-app 
SILLY   2018-07-13T16:22:07.519Z - GIVEN              | GivenTestingApp:execute -> npmInstallLatestVersion(testing-projects/empty-app) 
SILLY   2018-07-13T16:22:07.865Z - COMMAND            | npmInstallLatestVersion() -> [npm install @zetapush/cli@canary --save] 
