INFO    2018-07-13T18:28:14.105Z - USER ACTION        | >>> User action: 1) npm init from console 
INFO    2018-07-13T18:28:14.109Z - COMMAND            | npmInit(aurelien.baudet+celtia@zetapush.com, password, .generated-projects/project-nominal-case) 
DEBUG   2018-07-13T18:28:14.111Z - COMMAND            | npmVersion() -> [npm --version] 
DEBUG   2018-07-13T18:28:14.305Z - COMMAND            | npmInit() -> [npx @zetapush/create@canary project-nominal-case --force-current-version --developer-login xxx --developer-password xxx] 
WARN    2018-07-13T18:28:19.364Z - PROCESS STDOUT/STD | ../src/pos.cc: In function ‘void Method(const v8::FunctionCallbackInfo<v8::Value>&)’:
../src/pos.cc:243:6: warning: variable ‘ret’ set but not used [-Wunused-but-set-variable]
  int ret, row, col;
      ^ 
SILLY   2018-07-13T18:28:20.060Z - PROCESS STDOUT/STD | __dirname= /home/aurelien/.npm/_npx/22628/lib/node_modules/@zetapush/create 
SILLY   2018-07-13T18:28:20.446Z - PROCESS STDOUT/STD |  
SILLY   2018-07-13T18:28:20.446Z - PROCESS STDOUT/STD | Creating a new ZetaPush app in /mnt/data/developpement/zetapush-celtia/zetapush-js-sdk/packages/integration/.generated-projects/project-nominal-case. 
SILLY   2018-07-13T18:28:20.447Z - PROCESS STDOUT/STD | Installing packages. This might take a couple of minutes.
Installing @zetapush/cli@0.31.0-alpha.7aec656b, @zetapush/platform@0.31.0-alpha.7aec656b, typescript@latest. 
SILLY   2018-07-13T18:28:45.141Z - PROCESS STDOUT/STD | 
> get-cursor-position@1.0.5 install /mnt/data/developpement/zetapush-celtia/zetapush-js-sdk/packages/integration/.generated-projects/project-nominal-case/node_modules/get-cursor-position
> node-gyp rebuild 
SILLY   2018-07-13T18:28:45.532Z - PROCESS STDOUT/STD | make : on entre dans le répertoire « /mnt/data/developpement/zetapush-celtia/zetapush-js-sdk/packages/integration/.generated-projects/project-nominal-case/node_modules/get-cursor-position/build » 
SILLY   2018-07-13T18:28:45.533Z - PROCESS STDOUT/STD |   CXX(target) Release/obj.target/pos/src/pos.o 
WARN    2018-07-13T18:28:45.800Z - PROCESS STDOUT/STD | ../src/pos.cc: In function ‘void Method(const v8::FunctionCallbackInfo<v8::Value>&)’:
../src/pos.cc:243:6: warning: variable ‘ret’ set but not used [-Wunused-but-set-variable]
  int ret, row, col;
      ^ 
SILLY   2018-07-13T18:28:45.873Z - PROCESS STDOUT/STD |   SOLINK_MODULE(target) Release/obj.target/pos.node 
SILLY   2018-07-13T18:28:45.910Z - PROCESS STDOUT/STD |   COPY Release/pos.node 
SILLY   2018-07-13T18:28:45.918Z - PROCESS STDOUT/STD | make : on quitte le répertoire « /mnt/data/developpement/zetapush-celtia/zetapush-js-sdk/packages/integration/.generated-projects/project-nominal-case/node_modules/get-cursor-position/build » 
SILLY   2018-07-13T18:28:45.928Z - PROCESS STDOUT/STD | 
> bufferutil@3.0.5 install /mnt/data/developpement/zetapush-celtia/zetapush-js-sdk/packages/integration/.generated-projects/project-nominal-case/node_modules/bufferutil
> prebuild-install || node-gyp rebuild 
SILLY   2018-07-13T18:28:46.094Z - PROCESS STDOUT/STD | 
> utf-8-validate@4.0.2 install /mnt/data/developpement/zetapush-celtia/zetapush-js-sdk/packages/integration/.generated-projects/project-nominal-case/node_modules/utf-8-validate
> prebuild-install || node-gyp rebuild 
SILLY   2018-07-13T18:28:46.369Z - PROCESS STDOUT/STD | + @zetapush/platform@0.31.0-alpha.7aec656b
+ typescript@2.9.2
+ @zetapush/cli@0.31.0-alpha.7aec656b
added 209 packages in 25.528s 
SILLY   2018-07-13T18:28:46.393Z - PROCESS STDOUT/STD |  
SILLY   2018-07-13T18:28:46.394Z - PROCESS STDOUT/STD | Success! Created project-nominal-case at /mnt/data/developpement/zetapush-celtia/zetapush-js-sdk/packages/integration/.generated-projects/project-nominal-case
Inside that directory, you can run several commands:
  npm run start
    Starts the development server.
  npm run deploy
    Deploy your application on ZetaPush platform.
We suggest that you begin by typing:
  cd project-nominal-case
  npm run start
Enjoy, Celtia is on your back ! 
SILLY   2018-07-13T18:28:46.741Z - COMMAND            | symlinkLocalDependencies(.generated-projects/project-nominal-case) 
INFO    2018-07-13T18:28:46.743Z - USER ACTION        | >>> User action DONE: 1) npm init from console 
